-------------------------------------------------------------------------------
Test set: ru.ostrovok.tests.UC11TransferFiltersTest
-------------------------------------------------------------------------------
Tests run: 1, Failures: 0, Errors: 1, Skipped: 0, Time elapsed: 589.2 s <<< FAILURE! -- in ru.ostrovok.tests.UC11TransferFiltersTest
ru.ostrovok.tests.UC11TransferFiltersTest.testCapacityFilters(String)[1] -- Time elapsed: 588.9 s <<< ERROR!
java.lang.IllegalStateException: Предложения не появились за 120 с. Страница: Русский Помощь Войти Международный  аэропорт  Шереметьево Международный  аэропорт  Домодедово Ищем трансферы. Пожалуйста, подождите
	at ru.ostrovok.pages.TransferResultsPage.waitForOffers(TransferResultsPage.java:33)
	at ru.ostrovok.tests.UC11TransferFiltersTest.testCapacityFilters(UC11TransferFiltersTest.java:30)
	at java.base/java.lang.reflect.Method.invoke(Method.java:580)
	at java.base/java.util.concurrent.RecursiveAction.exec(RecursiveAction.java:194)
	at java.base/java.util.concurrent.ForkJoinTask.doExec(ForkJoinTask.java:387)
	at java.base/java.util.concurrent.ForkJoinPool$WorkQueue.tryRemoveAndExec(ForkJoinPool.java:1351)
	at java.base/java.util.concurrent.ForkJoinTask.awaitDone(ForkJoinTask.java:422)
	at java.base/java.util.concurrent.ForkJoinTask.get(ForkJoinTask.java:991)
	at java.base/java.util.concurrent.RecursiveAction.exec(RecursiveAction.java:194)
	at java.base/java.util.concurrent.ForkJoinTask.doExec(ForkJoinTask.java:387)
	at java.base/java.util.concurrent.ForkJoinPool$WorkQueue.topLevelExec(ForkJoinPool.java:1312)
	at java.base/java.util.concurrent.ForkJoinPool.scan(ForkJoinPool.java:1843)
	at java.base/java.util.concurrent.ForkJoinPool.runWorker(ForkJoinPool.java:1808)
	at java.base/java.util.concurrent.ForkJoinWorkerThread.run(ForkJoinWorkerThread.java:188)

