<?xml version="1.0" encoding="UTF-8"?>
<testsuite xmlns:xsi="http://www.w3.org/2001/XMLSchema-instance" xsi:noNamespaceSchemaLocation="https://maven.apache.org/surefire/maven-surefire-plugin/xsd/surefire-test-report-3.0.xsd" version="3.0" name="ru.ostrovok.tests.DebugInspectTest" time="25.068" tests="1" errors="0" skipped="0" failures="0">
  <properties>
[...]
</properties>
  <testcase name="dumpDom" classname="ru.ostrovok.tests.DebugInspectTest" time="24.956">
    <system-out><![CDATA[=== DATA-TESTID ===
header
header-logo-link
extranet-control
favorites-control
notification-control
language-widget-control
currency-control
support-control
sing-in-control
sing-in-control-content
menu-widget-control
destination-input
destination-input-title
datepicker-wrapper
date-start-input
date-start-input-title
date-end-input
date-end-input-title
guests-input
guests-input-title
search-button
datepicker-calendar
=== INPUTS ===
name= ph=Город, отель или аэропорт testid=destination-input type=text
name= ph= testid=null type=checkbox
name=email ph=Электронная почта testid=null type=email
name= ph= testid=null type=checkbox
=== BUTTONS/TABS ===
куки | Хорошо | Зарегистрировать объект | Войти | Жильё | Трансферы | Для командировок | Найти | Batumi View Luxury
Батуми
от 5 000 ₽ | Mziuri Gardens
Батуми
от 6 100 ₽ | Aydarko'l Resort
Иссыкуль
от 8 700 ₽ | Sapphire Marine
Баку
от 8 200 ₽ | В Сочи с детьми | Белые ночи в Питере | Пляжи Антальи | Подписаться | согласен | Россия | Поездить по миру | Отдохнуть летом | Покататься в горах | Москва
от 4 200 ₽ | Санкт-Петербург
от 4 200 ₽ | Казань
от 5 500 ₽ | Сочи
от 2 700 ₽ | Калининград
от 6 100 ₽ | Новосибирск
от 4 200 ₽ | Краснодар
от 4 200 ₽ | Минеральные Воды
от 5 500 ₽ | Стамбул
от 4 200 ₽ | Ереван
от 4 200 ₽ | Пекин
от 5 500 ₽ | Бангкок
от 2 700 ₽ | Дубай
от 6 100 ₽ | Тбилиси
от 6 100 ₽ | Рим
от 4 200 ₽ | Париж
от 4 200 ₽ | Анталия
от 4 200 ₽ | Хургада
от 5 500 ₽ | Бали
от 2 700 ₽ | Шарм-эль-Шейх
от 6 100 ₽ | Пхукет
от 4 200 ₽ | Паттайя
от 4 200 ₽ | Красная Поляна
от 4 200 ₽ | Роза Хутор
от 4 200 ₽ | Шерегеш
от 5 500 ₽ | Архыз
от 2 700 ₽ | Манжерок
от 6 100 ₽ | Домбай
от 4 200 ₽ | Гудаури
от 4 200 ₽ | Отель Шале 28
Эсто-Садок
от 4 300 ₽ | Отель Ski Village
Эсто-Садок
от 4 600 ₽ | Больше статей
про путешествия | Популярные направления | Отели Санкт-Петербурга | Отели Омска | Отели Евпатории | Отели Саранска | Отели Челябинска | Отели Томска | Отели Барнаула | Отели Алушты | Отели Нижневартовска | Отели Улан-Удэ | Отели Орла | Отели Ухты | Отели Уфы | Отели Новокузнецка | Отели Абакана | Отели Ижевска | Отели Иркутска | Отели Иваново | Отели Ульяновска | Отели Нового Уренгоя | Отели Сургута | Отели Рыбинска | Отели Зеленогорска | Отели Липецка | Отели Чебоксар | Отели Выборга
]]></system-out>
    <system-err><![CDATA[сент. 08, 2026 8:22:15 AM org.openqa.selenium.devtools.CdpVersionFinder findNearestMatch
WARNING: Unable to find CDP implementation matching 152
сент. 08, 2026 8:22:15 AM org.openqa.selenium.chromium.ChromiumDriver lambda$new$5
WARNING: Unable to find version of CDP to use for 152.0.7977.76. You may need to include a dependency on a specific version of the CDP using something similar to `org.seleniumhq.selenium:selenium-devtools-v86:4.25.0` where the version ("v86") matches the version of the chromium-based browser you're using and the version number of the artifact is the same as Selenium's.
]]></system-err>
  </testcase>
</testsuite>