<?xml version="1.0" encoding="UTF-8"?>
<testsuite xmlns:xsi="http://www.w3.org/2001/XMLSchema-instance" xsi:noNamespaceSchemaLocation="https://maven.apache.org/surefire/maven-surefire-plugin/xsd/surefire-test-report-3.0.xsd" version="3.0" name="ru.ostrovok.tests.UC02_03_04_Test" time="378.397" tests="2" errors="0" skipped="0" failures="0">
  <properties>
[...]
</properties>
  <testcase name="testThreeStarsFilter(String)[1]" classname="ru.ostrovok.tests.UC02_03_04_Test" time="376.004"/>
  <testcase name="testSortByCheapest(String)[1]" classname="ru.ostrovok.tests.UC02_03_04_Test" time="376.279"/>
</testsuite>